Meeting Summary Generator App/app/build/intermediates/manifest_merge_blame_file/debug/manifest-merger-blame-debug-report.txt
1<?xml version="1.0" encoding="utf-8"?>
2<manifest xmlns:android="http://schemas.android.com/apk/res/android"
3    package="com.gtappdevelopers.camviewlibrary"
4    android:versionCode="1"
5    android:versionName="1.0" >
6
7    <uses-sdk
8        android:minSdkVersion="19"
8-->src/main/AndroidManifest.xml
9        android:targetSdkVersion="30" />
9-->src/main/AndroidManifest.xml
10
11    <!-- Permission for recording audio and storage of audio in users device -->
12    <uses-permission android:name="android.permission.RECORD_AUDIO" />
12-->src/main/AndroidManifest.xml:7:5-70
12-->src/main/AndroidManifest.xml:7:22-68
13    <uses-permission android:name="android.permission.WRITE_EXTERNAL_STORAGE" />
13-->src/main/AndroidManifest.xml:8:5-80
13-->src/main/AndroidManifest.xml:8:22-78
14    <uses-permission android:name="android.permission.STORAGE" />
14-->src/main/AndroidManifest.xml:9:5-65
14-->src/main/AndroidManifest.xml:9:22-63
15
16    <application
16-->src/main/AndroidManifest.xml:12:5-26:19
17        android:allowBackup="true"
17-->src/main/AndroidManifest.xml:13:9-35
18        android:appComponentFactory="androidx.core.app.CoreComponentFactory"
18-->[androidx.core:core:1.3.1] AndroidManifest.xml:24:18-86
19        android:debuggable="true"
20        android:icon="@mipmap/ic_launcher"
20-->src/main/AndroidManifest.xml:14:9-43
21        android:label="@string/app_name"
21-->src/main/AndroidManifest.xml:15:9-41
22        android:roundIcon="@mipmap/ic_launcher_round"
22-->src/main/AndroidManifest.xml:16:9-54
23        android:supportsRtl="true"
23-->src/main/AndroidManifest.xml:17:9-35
24        android:testOnly="true"
25        android:theme="@style/Theme.CamViewLibrary" >
25-->src/main/AndroidManifest.xml:18:9-52
26        <activity android:name="com.gtappdevelopers.camviewlibrary.MainActivity" >
26-->src/main/AndroidManifest.xml:19:9-25:20
26-->src/main/AndroidManifest.xml:19:19-47
27            <intent-filter>
27-->src/main/AndroidManifest.xml:20:13-24:29
28                <action android:name="android.intent.action.MAIN" />
28-->src/main/AndroidManifest.xml:21:17-69
28-->src/main/AndroidManifest.xml:21:25-66
29
30                <category android:name="android.intent.category.LAUNCHER" />
30-->src/main/AndroidManifest.xml:23:17-77
30-->src/main/AndroidManifest.xml:23:27-74
31            </intent-filter>
32        </activity>
33    </application>
34
35</manifest>